2022-04-26 12:06:06 error: uncaughtException: Cannot read property 'completeRegistration' of undefined
TypeError: Cannot read property 'completeRegistration' of undefined
    at UsersRoute.initializeRoutes (/Users/aramide/Desktop/projects/stersh-core/src/routes/users.route.ts:19:127)
    at new UsersRoute (/Users/aramide/Desktop/projects/stersh-core/src/routes/users.route.ts:14:10)
    at Object.<anonymous> (/Users/aramide/Desktop/projects/stersh-core/src/server.ts:9:40)
    at Module._compile (internal/modules/cjs/loader.js:1201:30)
    at Module.m._compile (/Users/aramide/Desktop/projects/stersh-core/node_modules/ts-node/src/index.ts:1459:23)
    at Module._extensions..js (internal/modules/cjs/loader.js:1221:10)
    at Object.require.extensions.<computed> [as .ts] (/Users/aramide/Desktop/projects/stersh-core/node_modules/ts-node/src/index.ts:1462:12)
    at Module.load (internal/modules/cjs/loader.js:1050:32)
    at Function.Module._load (internal/modules/cjs/loader.js:938:14)
    at Function.executeUserEntryPoint [as runMain] (internal/modules/run_main.js:71:12)
2022-04-26 12:06:58 error: uncaughtException: Cannot read property 'completeRegistration' of undefined
TypeError: Cannot read property 'completeRegistration' of undefined
    at UsersRoute.initializeRoutes (/Users/aramide/Desktop/projects/stersh-core/src/routes/users.route.ts:19:127)
    at new UsersRoute (/Users/aramide/Desktop/projects/stersh-core/src/routes/users.route.ts:14:10)
    at Object.<anonymous> (/Users/aramide/Desktop/projects/stersh-core/src/server.ts:9:40)
    at Module._compile (internal/modules/cjs/loader.js:1201:30)
    at Module.m._compile (/Users/aramide/Desktop/projects/stersh-core/node_modules/ts-node/src/index.ts:1459:23)
    at Module._extensions..js (internal/modules/cjs/loader.js:1221:10)
    at Object.require.extensions.<computed> [as .ts] (/Users/aramide/Desktop/projects/stersh-core/node_modules/ts-node/src/index.ts:1462:12)
    at Module.load (internal/modules/cjs/loader.js:1050:32)
    at Function.Module._load (internal/modules/cjs/loader.js:938:14)
    at Function.executeUserEntryPoint [as runMain] (internal/modules/run_main.js:71:12)
2022-04-26 12:09:04 error: uncaughtException: Cannot read property 'completeRegistration' of undefined
TypeError: Cannot read property 'completeRegistration' of undefined
    at UsersRoute.initializeRoutes (/Users/aramide/Desktop/projects/stersh-core/src/routes/users.route.ts:19:127)
    at new UsersRoute (/Users/aramide/Desktop/projects/stersh-core/src/routes/users.route.ts:14:10)
    at Object.<anonymous> (/Users/aramide/Desktop/projects/stersh-core/src/server.ts:9:40)
    at Module._compile (internal/modules/cjs/loader.js:1201:30)
    at Module.m._compile (/Users/aramide/Desktop/projects/stersh-core/node_modules/ts-node/src/index.ts:1459:23)
    at Module._extensions..js (internal/modules/cjs/loader.js:1221:10)
    at Object.require.extensions.<computed> [as .ts] (/Users/aramide/Desktop/projects/stersh-core/node_modules/ts-node/src/index.ts:1462:12)
    at Module.load (internal/modules/cjs/loader.js:1050:32)
    at Function.Module._load (internal/modules/cjs/loader.js:938:14)
    at Function.executeUserEntryPoint [as runMain] (internal/modules/run_main.js:71:12)
2022-04-26 12:09:08 error: uncaughtException: Cannot read property 'completeRegistration' of undefined
TypeError: Cannot read property 'completeRegistration' of undefined
    at UsersRoute.initializeRoutes (/Users/aramide/Desktop/projects/stersh-core/src/routes/users.route.ts:19:127)
    at new UsersRoute (/Users/aramide/Desktop/projects/stersh-core/src/routes/users.route.ts:14:10)
    at Object.<anonymous> (/Users/aramide/Desktop/projects/stersh-core/src/server.ts:9:40)
    at Module._compile (internal/modules/cjs/loader.js:1201:30)
    at Module.m._compile (/Users/aramide/Desktop/projects/stersh-core/node_modules/ts-node/src/index.ts:1459:23)
    at Module._extensions..js (internal/modules/cjs/loader.js:1221:10)
    at Object.require.extensions.<computed> [as .ts] (/Users/aramide/Desktop/projects/stersh-core/node_modules/ts-node/src/index.ts:1462:12)
    at Module.load (internal/modules/cjs/loader.js:1050:32)
    at Function.Module._load (internal/modules/cjs/loader.js:938:14)
    at Function.executeUserEntryPoint [as runMain] (internal/modules/run_main.js:71:12)
2022-04-26 12:09:25 error: uncaughtException: Cannot read property 'completeRegistration' of undefined
TypeError: Cannot read property 'completeRegistration' of undefined
    at UsersRoute.initializeRoutes (/Users/aramide/Desktop/projects/stersh-core/src/routes/users.route.ts:19:127)
    at new UsersRoute (/Users/aramide/Desktop/projects/stersh-core/src/routes/users.route.ts:14:10)
    at Object.<anonymous> (/Users/aramide/Desktop/projects/stersh-core/src/server.ts:9:40)
    at Module._compile (internal/modules/cjs/loader.js:1201:30)
    at Module.m._compile (/Users/aramide/Desktop/projects/stersh-core/node_modules/ts-node/src/index.ts:1459:23)
    at Module._extensions..js (internal/modules/cjs/loader.js:1221:10)
    at Object.require.extensions.<computed> [as .ts] (/Users/aramide/Desktop/projects/stersh-core/node_modules/ts-node/src/index.ts:1462:12)
    at Module.load (internal/modules/cjs/loader.js:1050:32)
    at Function.Module._load (internal/modules/cjs/loader.js:938:14)
    at Function.executeUserEntryPoint [as runMain] (internal/modules/run_main.js:71:12)
2022-04-26 12:17:50 error: uncaughtException: Cannot read property 'completeRegistration' of undefined
TypeError: Cannot read property 'completeRegistration' of undefined
    at UsersRoute.initializeRoutes (/Users/aramide/Desktop/projects/stersh-core/src/routes/users.route.ts:19:127)
    at new UsersRoute (/Users/aramide/Desktop/projects/stersh-core/src/routes/users.route.ts:14:10)
    at Object.<anonymous> (/Users/aramide/Desktop/projects/stersh-core/src/server.ts:9:40)
    at Module._compile (internal/modules/cjs/loader.js:1201:30)
    at Module.m._compile (/Users/aramide/Desktop/projects/stersh-core/node_modules/ts-node/src/index.ts:1459:23)
    at Module._extensions..js (internal/modules/cjs/loader.js:1221:10)
    at Object.require.extensions.<computed> [as .ts] (/Users/aramide/Desktop/projects/stersh-core/node_modules/ts-node/src/index.ts:1462:12)
    at Module.load (internal/modules/cjs/loader.js:1050:32)
    at Function.Module._load (internal/modules/cjs/loader.js:938:14)
    at Function.executeUserEntryPoint [as runMain] (internal/modules/run_main.js:71:12)
2022-04-26 12:17:56 error: uncaughtException: Cannot read property 'completeRegistration' of undefined
TypeError: Cannot read property 'completeRegistration' of undefined
    at UsersRoute.initializeRoutes (/Users/aramide/Desktop/projects/stersh-core/src/routes/users.route.ts:19:127)
    at new UsersRoute (/Users/aramide/Desktop/projects/stersh-core/src/routes/users.route.ts:14:10)
    at Object.<anonymous> (/Users/aramide/Desktop/projects/stersh-core/src/server.ts:9:40)
    at Module._compile (internal/modules/cjs/loader.js:1201:30)
    at Module.m._compile (/Users/aramide/Desktop/projects/stersh-core/node_modules/ts-node/src/index.ts:1459:23)
    at Module._extensions..js (internal/modules/cjs/loader.js:1221:10)
    at Object.require.extensions.<computed> [as .ts] (/Users/aramide/Desktop/projects/stersh-core/node_modules/ts-node/src/index.ts:1462:12)
    at Module.load (internal/modules/cjs/loader.js:1050:32)
    at Function.Module._load (internal/modules/cjs/loader.js:938:14)
    at Function.executeUserEntryPoint [as runMain] (internal/modules/run_main.js:71:12)
2022-04-26 12:18:03 error: uncaughtException: Cannot read property 'completeRegistration' of undefined
TypeError: Cannot read property 'completeRegistration' of undefined
    at UsersRoute.initializeRoutes (/Users/aramide/Desktop/projects/stersh-core/src/routes/users.route.ts:19:127)
    at new UsersRoute (/Users/aramide/Desktop/projects/stersh-core/src/routes/users.route.ts:14:10)
    at Object.<anonymous> (/Users/aramide/Desktop/projects/stersh-core/src/server.ts:9:40)
    at Module._compile (internal/modules/cjs/loader.js:1201:30)
    at Module.m._compile (/Users/aramide/Desktop/projects/stersh-core/node_modules/ts-node/src/index.ts:1459:23)
    at Module._extensions..js (internal/modules/cjs/loader.js:1221:10)
    at Object.require.extensions.<computed> [as .ts] (/Users/aramide/Desktop/projects/stersh-core/node_modules/ts-node/src/index.ts:1462:12)
    at Module.load (internal/modules/cjs/loader.js:1050:32)
    at Function.Module._load (internal/modules/cjs/loader.js:938:14)
    at Function.executeUserEntryPoint [as runMain] (internal/modules/run_main.js:71:12)
2022-04-26 12:18:35 error: uncaughtException: Cannot read property 'completeRegistration' of undefined
TypeError: Cannot read property 'completeRegistration' of undefined
    at UsersRoute.initializeRoutes (/Users/aramide/Desktop/projects/stersh-core/src/routes/users.route.ts:19:127)
    at new UsersRoute (/Users/aramide/Desktop/projects/stersh-core/src/routes/users.route.ts:14:10)
    at Object.<anonymous> (/Users/aramide/Desktop/projects/stersh-core/src/server.ts:9:40)
    at Module._compile (internal/modules/cjs/loader.js:1201:30)
    at Module.m._compile (/Users/aramide/Desktop/projects/stersh-core/node_modules/ts-node/src/index.ts:1459:23)
    at Module._extensions..js (internal/modules/cjs/loader.js:1221:10)
    at Object.require.extensions.<computed> [as .ts] (/Users/aramide/Desktop/projects/stersh-core/node_modules/ts-node/src/index.ts:1462:12)
    at Module.load (internal/modules/cjs/loader.js:1050:32)
    at Function.Module._load (internal/modules/cjs/loader.js:938:14)
    at Function.executeUserEntryPoint [as runMain] (internal/modules/run_main.js:71:12)
2022-04-26 12:18:41 error: uncaughtException: Cannot read property 'completeRegistration' of undefined
TypeError: Cannot read property 'completeRegistration' of undefined
    at UsersRoute.initializeRoutes (/Users/aramide/Desktop/projects/stersh-core/src/routes/users.route.ts:19:127)
    at new UsersRoute (/Users/aramide/Desktop/projects/stersh-core/src/routes/users.route.ts:14:10)
    at Object.<anonymous> (/Users/aramide/Desktop/projects/stersh-core/src/server.ts:9:40)
    at Module._compile (internal/modules/cjs/loader.js:1201:30)
    at Module.m._compile (/Users/aramide/Desktop/projects/stersh-core/node_modules/ts-node/src/index.ts:1459:23)
    at Module._extensions..js (internal/modules/cjs/loader.js:1221:10)
    at Object.require.extensions.<computed> [as .ts] (/Users/aramide/Desktop/projects/stersh-core/node_modules/ts-node/src/index.ts:1462:12)
    at Module.load (internal/modules/cjs/loader.js:1050:32)
    at Function.Module._load (internal/modules/cjs/loader.js:938:14)
    at Function.executeUserEntryPoint [as runMain] (internal/modules/run_main.js:71:12)
2022-04-26 12:18:49 error: uncaughtException: Cannot read property 'completeRegistration' of undefined
TypeError: Cannot read property 'completeRegistration' of undefined
    at UsersRoute.initializeRoutes (/Users/aramide/Desktop/projects/stersh-core/src/routes/users.route.ts:19:127)
    at new UsersRoute (/Users/aramide/Desktop/projects/stersh-core/src/routes/users.route.ts:14:10)
    at Object.<anonymous> (/Users/aramide/Desktop/projects/stersh-core/src/server.ts:9:40)
    at Module._compile (internal/modules/cjs/loader.js:1201:30)
    at Module.m._compile (/Users/aramide/Desktop/projects/stersh-core/node_modules/ts-node/src/index.ts:1459:23)
    at Module._extensions..js (internal/modules/cjs/loader.js:1221:10)
    at Object.require.extensions.<computed> [as .ts] (/Users/aramide/Desktop/projects/stersh-core/node_modules/ts-node/src/index.ts:1462:12)
    at Module.load (internal/modules/cjs/loader.js:1050:32)
    at Function.Module._load (internal/modules/cjs/loader.js:938:14)
    at Function.executeUserEntryPoint [as runMain] (internal/modules/run_main.js:71:12)
2022-04-26 14:28:04 error: uncaughtException: Route.post() requires a callback function but got a [object Undefined]
Error: Route.post() requires a callback function but got a [object Undefined]
    at Route.<computed> [as post] (/Users/aramide/Desktop/projects/stersh-core/node_modules/express/lib/router/route.js:202:15)
    at Function.proto.<computed> [as post] (/Users/aramide/Desktop/projects/stersh-core/node_modules/express/lib/router/index.js:516:19)
    at AuthRoute.initializeRoutes (/Users/aramide/Desktop/projects/stersh-core/src/routes/auth.route.ts:21:17)
    at new AuthRoute (/Users/aramide/Desktop/projects/stersh-core/src/routes/auth.route.ts:14:10)
    at Object.<anonymous> (/Users/aramide/Desktop/projects/stersh-core/src/server.ts:9:58)
    at Module._compile (internal/modules/cjs/loader.js:1201:30)
    at Module.m._compile (/Users/aramide/Desktop/projects/stersh-core/node_modules/ts-node/src/index.ts:1459:23)
    at Module._extensions..js (internal/modules/cjs/loader.js:1221:10)
    at Object.require.extensions.<computed> [as .ts] (/Users/aramide/Desktop/projects/stersh-core/node_modules/ts-node/src/index.ts:1462:12)
    at Module.load (internal/modules/cjs/loader.js:1050:32)
2022-04-26 14:30:15 error: uncaughtException: Route.post() requires a callback function but got a [object Undefined]
Error: Route.post() requires a callback function but got a [object Undefined]
    at Route.<computed> [as post] (/Users/aramide/Desktop/projects/stersh-core/node_modules/express/lib/router/route.js:202:15)
    at Function.proto.<computed> [as post] (/Users/aramide/Desktop/projects/stersh-core/node_modules/express/lib/router/index.js:516:19)
    at AuthRoute.initializeRoutes (/Users/aramide/Desktop/projects/stersh-core/src/routes/auth.route.ts:21:17)
    at new AuthRoute (/Users/aramide/Desktop/projects/stersh-core/src/routes/auth.route.ts:14:10)
    at Object.<anonymous> (/Users/aramide/Desktop/projects/stersh-core/src/server.ts:9:58)
    at Module._compile (internal/modules/cjs/loader.js:1201:30)
    at Module.m._compile (/Users/aramide/Desktop/projects/stersh-core/node_modules/ts-node/src/index.ts:1459:23)
    at Module._extensions..js (internal/modules/cjs/loader.js:1221:10)
    at Object.require.extensions.<computed> [as .ts] (/Users/aramide/Desktop/projects/stersh-core/node_modules/ts-node/src/index.ts:1462:12)
    at Module.load (internal/modules/cjs/loader.js:1050:32)
2022-04-26 14:34:45 error: uncaughtException: Route.post() requires a callback function but got a [object Undefined]
Error: Route.post() requires a callback function but got a [object Undefined]
    at Route.<computed> [as post] (/Users/aramide/Desktop/projects/stersh-core/node_modules/express/lib/router/route.js:202:15)
    at Function.proto.<computed> [as post] (/Users/aramide/Desktop/projects/stersh-core/node_modules/express/lib/router/index.js:516:19)
    at AuthRoute.initializeRoutes (/Users/aramide/Desktop/projects/stersh-core/src/routes/auth.route.ts:21:17)
    at new AuthRoute (/Users/aramide/Desktop/projects/stersh-core/src/routes/auth.route.ts:14:10)
    at Object.<anonymous> (/Users/aramide/Desktop/projects/stersh-core/src/server.ts:9:58)
    at Module._compile (internal/modules/cjs/loader.js:1201:30)
    at Module.m._compile (/Users/aramide/Desktop/projects/stersh-core/node_modules/ts-node/src/index.ts:1459:23)
    at Module._extensions..js (internal/modules/cjs/loader.js:1221:10)
    at Object.require.extensions.<computed> [as .ts] (/Users/aramide/Desktop/projects/stersh-core/node_modules/ts-node/src/index.ts:1462:12)
    at Module.load (internal/modules/cjs/loader.js:1050:32)
2022-04-26 15:10:19 error: uncaughtException: Route.post() requires a callback function but got a [object Undefined]
Error: Route.post() requires a callback function but got a [object Undefined]
    at Route.<computed> [as post] (/Users/aramide/Desktop/projects/stersh-core/node_modules/express/lib/router/route.js:202:15)
    at Function.proto.<computed> [as post] (/Users/aramide/Desktop/projects/stersh-core/node_modules/express/lib/router/index.js:516:19)
    at AuthRoute.initializeRoutes (/Users/aramide/Desktop/projects/stersh-core/src/routes/auth.route.ts:21:17)
    at new AuthRoute (/Users/aramide/Desktop/projects/stersh-core/src/routes/auth.route.ts:14:10)
    at Object.<anonymous> (/Users/aramide/Desktop/projects/stersh-core/src/server.ts:9:58)
    at Module._compile (internal/modules/cjs/loader.js:1201:30)
    at Module.m._compile (/Users/aramide/Desktop/projects/stersh-core/node_modules/ts-node/src/index.ts:1459:23)
    at Module._extensions..js (internal/modules/cjs/loader.js:1221:10)
    at Object.require.extensions.<computed> [as .ts] (/Users/aramide/Desktop/projects/stersh-core/node_modules/ts-node/src/index.ts:1462:12)
    at Module.load (internal/modules/cjs/loader.js:1050:32)
2022-04-26 16:15:51 error: [POST] /auth/initiate-registration >> StatusCode:: 400, Message:: phone must be a string
2022-04-26 16:21:08 error: uncaughtException: Route.post() requires a callback function but got a [object Undefined]
Error: Route.post() requires a callback function but got a [object Undefined]
    at Route.<computed> [as post] (/Users/aramide/Desktop/projects/stersh-core/node_modules/express/lib/router/route.js:202:15)
    at Function.proto.<computed> [as post] (/Users/aramide/Desktop/projects/stersh-core/node_modules/express/lib/router/index.js:516:19)
    at AuthRoute.initializeRoutes (/Users/aramide/Desktop/projects/stersh-core/src/routes/auth.route.ts:21:17)
    at new AuthRoute (/Users/aramide/Desktop/projects/stersh-core/src/routes/auth.route.ts:14:10)
    at Object.<anonymous> (/Users/aramide/Desktop/projects/stersh-core/src/server.ts:9:58)
    at Module._compile (internal/modules/cjs/loader.js:1201:30)
    at Module.m._compile (/Users/aramide/Desktop/projects/stersh-core/node_modules/ts-node/src/index.ts:1459:23)
    at Module._extensions..js (internal/modules/cjs/loader.js:1221:10)
    at Object.require.extensions.<computed> [as .ts] (/Users/aramide/Desktop/projects/stersh-core/node_modules/ts-node/src/index.ts:1462:12)
    at Module.load (internal/modules/cjs/loader.js:1050:32)
